\BOOKMARK [0][-]{chapter.1}{\376\377\0001\000\040\000P\000r\000e\000s\000e\000n\000t\000a\000t\000i\000o\000n}{}% 1
\BOOKMARK [1][-]{section.1.1}{\376\377\0001\000.\0001\000\040\000W\000h\000a\000t\000\040\000i\000s\000\040\000i\000t\000\040\000?}{chapter.1}% 2
\BOOKMARK [1][-]{section.1.2}{\376\377\0001\000.\0002\000\040\000R\000u\000l\000e\000s}{chapter.1}% 3
\BOOKMARK [2][-]{subsection.1.2.1}{\376\377\0001\000.\0002\000.\0001\000\040\000A\000n\000i\000m\000a\000l\000\040\000c\000l\000a\000s\000s}{section.1.2}% 4
\BOOKMARK [2][-]{subsection.1.2.2}{\376\377\0001\000.\0002\000.\0002\000\040\000A\000n\000i\000m\000a\000l\000\040\000s\000p\000e\000c\000i\000a\000l\000A\000t\000t\000a\000c\000k}{section.1.2}% 5
\BOOKMARK [2][-]{subsection.1.2.3}{\376\377\0001\000.\0002\000.\0003\000\040\000M\000e\000t\000e\000o\000r\000i\000t\000e\000s\000\040\000m\000a\000l\000u\000s}{section.1.2}% 6
\BOOKMARK [2][-]{subsection.1.2.4}{\376\377\0001\000.\0002\000.\0004\000\040\000S\000t\000u\000f\000f\000\040\000c\000h\000o\000i\000c\000e}{section.1.2}% 7
\BOOKMARK [1][-]{section.1.3}{\376\377\0001\000.\0003\000\040\000H\000o\000w\000\040\000i\000t\000\040\000i\000s\000\040\000t\000h\000o\000u\000g\000h\000t\000/\000p\000r\000o\000g\000r\000a\000m\000m\000e\000d}{chapter.1}% 8
\BOOKMARK [0][-]{chapter.2}{\376\377\0002\000\040\000S\000t\000o\000r\000y}{}% 9
\BOOKMARK [1][-]{section.2.1}{\376\377\0002\000.\0001\000\040\000S\000t\000a\000r\000t\000\040\000t\000h\000e\000\040\000g\000a\000m\000e}{chapter.2}% 10
\BOOKMARK [1][-]{section.2.2}{\376\377\0002\000.\0002\000\040\000P\000a\000r\000t\000\040\0001\000\040\000o\000f\000\040\000t\000h\000e\000\040\000g\000a\000m\000e}{chapter.2}% 11
\BOOKMARK [1][-]{section.2.3}{\376\377\0002\000.\0003\000\040\000P\000a\000r\000t\000\040\0002\000\040\000o\000f\000\040\000t\000h\000e\000\040\000g\000a\000m\000e}{chapter.2}% 12
\BOOKMARK [1][-]{section.2.4}{\376\377\0002\000.\0004\000\040\000E\000n\000d}{chapter.2}% 13
\BOOKMARK [0][-]{chapter.3}{\376\377\0003\000\040\000D\000e\000v\000e\000l\000o\000p\000m\000e\000n\000t\000\040\000p\000a\000r\000t}{}% 14
\BOOKMARK [1][-]{section.3.1}{\376\377\0003\000.\0001\000\040\000U\000M\000L}{chapter.3}% 15
\BOOKMARK [1][-]{section.3.2}{\376\377\0003\000.\0002\000\040\000c\000l\000a\000s\000s\000\040\000d\000e\000s\000c\000r\000i\000p\000t\000i\000o\000n}{chapter.3}% 16
\BOOKMARK [1][-]{section.3.3}{\376\377\0003\000.\0003\000\040\000T\000e\000c\000h\000n\000i\000c\000a\000l\000\040\000p\000a\000r\000t}{chapter.3}% 17
\BOOKMARK [2][-]{subsection.3.3.1}{\376\377\0003\000.\0003\000.\0001\000\040\000S\000e\000t\000\040\000t\000h\000e\000\040\000g\000a\000m\000e}{section.3.3}% 18
\BOOKMARK [2][-]{subsection.3.3.2}{\376\377\0003\000.\0003\000.\0002\000\040\000T\000h\000e\000\040\000S\000p\000a\000c\000e\000\040\000:}{section.3.3}% 19
\BOOKMARK [0][-]{chapter.4}{\376\377\0004\000\040\000C\000o\000n\000c\000l\000u\000s\000i\000o\000n}{}% 20
